<?xml version="1.0" encoding="UTF-8"?>
<!-- Generated by org.testng.reporters.JUnitReportReporter -->
<testsuite hostname="DESKTOP-RNFCUTK" failures="0" tests="1" name="FunctionalityTesting.CreateOrganization" time="50.153" errors="0" timestamp="2024-11-29T11:42:44 IST" skipped="0">
  <testcase classname="FunctionalityTesting.CreateOrganization" name="organization" time="50.153"/>
</testsuite> <!-- FunctionalityTesting.CreateOrganization -->
