<?xml version="1.0" encoding="UTF-8"?>
<!-- Generated by org.testng.reporters.JUnitReportReporter -->
<testsuite hostname="DESKTOP-RNFCUTK" failures="0" tests="1" name="FunctionalityTesting.CreateOrgn" time="42.230" errors="0" timestamp="2024-12-02T11:38:27 IST" skipped="0">
  <testcase classname="FunctionalityTesting.CreateOrgn" name="organization" time="42.230"/>
</testsuite> <!-- FunctionalityTesting.CreateOrgn -->
